This is pdfTeX, Version 3.14159265-2.6-1.40.20 (MiKTeX 2.9.7200 64-bit) (preloaded format=pdflatex 2019.10.10)  27 OCT 2019 09:25
entering extended mode
**./Literature_Survey.tex
(Literature_Survey.tex
LaTeX2e <2019-10-01>

("C:\Users\Password is house\AppData\Local\Programs\MiKTeX 2.9\tex/latex/base\a
rticle.cls"
Document Class: article 2019/08/27 v1.4j Standard LaTeX document class

("C:\Users\Password is house\AppData\Local\Programs\MiKTeX 2.9\tex/latex/base\s
ize12.clo"
File: size12.clo 2019/08/27 v1.4j Standard LaTeX file (size option)
)
\c@part=\count80
\c@section=\count81
\c@subsection=\count82
\c@subsubsection=\count83
\c@paragraph=\count84
\c@subparagraph=\count85
\c@figure=\count86
\c@table=\count87
\abovecaptionskip=\skip41
\belowcaptionskip=\skip42
\bibindent=\dimen102
)
("C:\Users\Password is house\AppData\Local\Programs\MiKTeX 2.9\tex/latex/psnfss
\times.sty"
Package: times 2005/04/12 PSNFSS-v9.2a (SPQR) 
) (durhampaper.sty
Durham CS undergraduate paper style 'durhampaper.sty'.
)
("C:\Users\Password is house\AppData\Local\Programs\MiKTeX 2.9\tex/latex/harvar
d\harvard.sty"
Package: harvard 

("C:\Users\Password is house\AppData\Local\Programs\MiKTeX 2.9\tex/latex/base\i
fthen.sty"
Package: ifthen 2014/09/29 v1.1c Standard LaTeX ifthen package (DPC)
))
("C:\Users\Password is house\AppData\Local\Programs\MiKTeX 2.9\tex/latex/cite\c
ite.sty"
LaTeX Info: Redefining \cite on input line 302.
LaTeX Info: Redefining \nocite on input line 332.
Package: cite 2015/02/27  v 5.5
)
("C:\Users\Password is house\AppData\Local\Programs\MiKTeX 2.9\tex/latex/base\i
nputenc.sty"
Package: inputenc 2018/08/11 v1.3c Input encoding file
\inpenc@prehook=\toks14
\inpenc@posthook=\toks15

("C:\Users\Password is house\AppData\Local\Programs\MiKTeX 2.9\tex/latex/ucs\ut
f8x.def"
File: utf8x.def 2004/10/17 UCS: Input encoding UTF-8
))
("C:\Users\Password is house\AppData\Local\Programs\MiKTeX 2.9\tex/latex/ucs\uc
s.sty"
Package: ucs 2013/05/11 v2.2 UCS: Unicode input support

("C:\Users\Password is house\AppData\Local\Programs\MiKTeX 2.9\tex/latex/ucs\un
i-global.def"
File: uni-global.def 2013/05/13 UCS: Unicode global data
)
\uc@secondtry=\count88
\uc@combtoks=\toks16
\uc@combtoksb=\toks17
\uc@temptokena=\toks18
) (Literature_Survey.aux)
\openout1 = `Literature_Survey.aux'.

LaTeX Font Info:    Checking defaults for OML/cmm/m/it on input line 19.
LaTeX Font Info:    ... okay on input line 19.
LaTeX Font Info:    Checking defaults for T1/cmr/m/n on input line 19.
LaTeX Font Info:    ... okay on input line 19.
LaTeX Font Info:    Checking defaults for OT1/cmr/m/n on input line 19.
LaTeX Font Info:    ... okay on input line 19.
LaTeX Font Info:    Checking defaults for OMS/cmsy/m/n on input line 19.
LaTeX Font Info:    ... okay on input line 19.
LaTeX Font Info:    Checking defaults for OMX/cmex/m/n on input line 19.
LaTeX Font Info:    ... okay on input line 19.
LaTeX Font Info:    Checking defaults for U/cmr/m/n on input line 19.
LaTeX Font Info:    ... okay on input line 19.
LaTeX Font Info:    Trying to load font information for OT1+ptm on input line 1
9.

("C:\Users\Password is house\AppData\Local\Programs\MiKTeX 2.9\tex/latex/psnfss
\ot1ptm.fd"
File: ot1ptm.fd 2001/06/04 font definitions for OT1/ptm.
)
("C:\Users\Password is house\AppData\Local\Programs\MiKTeX 2.9\tex/latex/ucs\uc
sencs.def"
File: ucsencs.def 2011/01/21 Fixes to fontencodings LGR, T3
)
LaTeX Font Info:    Font shape `OT1/ptm/bx/n' in size <10.95> not available
(Font)              Font shape `OT1/ptm/b/n' tried instead on input line 23.
LaTeX Font Info:    Font shape `OT1/ptm/bx/it' in size <10.95> not available
(Font)              Font shape `OT1/ptm/b/it' tried instead on input line 23.
LaTeX Font Info:    Font shape `OT1/ptm/bx/n' in size <12> not available
(Font)              Font shape `OT1/ptm/b/n' tried instead on input line 29.
LaTeX Font Info:    Font shape `OT1/ptm/bx/it' in size <12> not available
(Font)              Font shape `OT1/ptm/b/it' tried instead on input line 29.

Underfull \hbox (badness 10000) in paragraph at lines 41--44

 []

[1

{C:/Users/Password is house/AppData/Local/MiKTeX/2.9/pdftex/config/pdftex.map}]

Underfull \hbox (badness 10000) in paragraph at lines 51--52

 []


Underfull \hbox (badness 10000) in paragraph at lines 53--54

 []


("C:\Users\Password is house\AppData\Local\Programs\MiKTeX 2.9\tex/latex/ucs\un
i-34.def"
File: uni-34.def 2013/05/13 UCS: Unicode data U+2200..U+22FF
)
LaTeX Font Info:    External font `cmex10' loaded for size
(Font)              <12> on input line 55.
LaTeX Font Info:    External font `cmex10' loaded for size
(Font)              <8> on input line 55.
LaTeX Font Info:    External font `cmex10' loaded for size
(Font)              <6> on input line 55.
 [2]

LaTeX Warning: Citation `budgen' on page 3 undefined on input line 70.


LaTeX Warning: Citation `euther' on page 3 undefined on input line 76.


LaTeX Warning: Citation `futher' on page 3 undefined on input line 77.


LaTeX Warning: Citation 'futher' on page 3 undefined on input line 79.

(Literature_Survey.bbl) [3] (Literature_Survey.aux)

LaTeX Warning: There were undefined references.

 ) 
Here is how much of TeX's memory you used:
 1491 strings out of 492452
 20304 string characters out of 3114457
 85452 words of memory out of 3000000
 5873 multiletter control sequences out of 15000+200000
 19325 words of font info for 39 fonts, out of 3000000 for 9000
 1141 hyphenation exceptions out of 8191
 25i,4n,25p,1810b,468s stack positions out of 5000i,500n,10000p,200000b,50000s
{C:/Users/Password is house/AppData/Local/Programs/MiKTeX 2.9/fonts/enc/dvips
/base/8r.enc}<C:/Users/Password is house/AppData/Local/Programs/MiKTeX 2.9/font
s/type1/public/amsfonts/cm/cmsy10.pfb><C:/Users/Password is house/AppData/Local
/Programs/MiKTeX 2.9/fonts/type1/urw/times/utmb8a.pfb><C:/Users/Password is hou
se/AppData/Local/Programs/MiKTeX 2.9/fonts/type1/urw/times/utmbi8a.pfb><C:/User
s/Password is house/AppData/Local/Programs/MiKTeX 2.9/fonts/type1/urw/times/utm
r8a.pfb><C:/Users/Password is house/AppData/Local/Programs/MiKTeX 2.9/fonts/typ
e1/urw/times/utmri8a.pfb>
Output written on Literature_Survey.pdf (3 pages, 76200 bytes).
PDF statistics:
 33 PDF objects out of 1000 (max. 8388607)
 0 named destinations out of 1000 (max. 500000)
 1 words of extra memory for PDF output out of 10000 (max. 10000000)

