This is pdfTeX, Version 3.14159265-2.6-1.40.20 (MiKTeX 2.9.7200 64-bit) (preloaded format=pdflatex 2019.10.10)  2 MAY 2020 20:25
entering extended mode
**./FinalPaper.tex
(FinalPaper.tex
LaTeX2e <2019-10-01>

("C:\Users\Password is house\AppData\Local\Programs\MiKTeX 2.9\tex/latex/base\a
rticle.cls"
Document Class: article 2019/08/27 v1.4j Standard LaTeX document class

("C:\Users\Password is house\AppData\Local\Programs\MiKTeX 2.9\tex/latex/base\s
ize12.clo"
File: size12.clo 2019/08/27 v1.4j Standard LaTeX file (size option)
)
\c@part=\count80
\c@section=\count81
\c@subsection=\count82
\c@subsubsection=\count83
\c@paragraph=\count84
\c@subparagraph=\count85
\c@figure=\count86
\c@table=\count87
\abovecaptionskip=\skip41
\belowcaptionskip=\skip42
\bibindent=\dimen102
)
("C:\Users\Password is house\AppData\Local\Programs\MiKTeX 2.9\tex/latex/psnfss
\times.sty"
Package: times 2005/04/12 PSNFSS-v9.2a (SPQR) 
) (durhampaper.sty
Durham CS undergraduate paper style 'durhampaper.sty'.
)
("C:\Users\Password is house\AppData\Local\Programs\MiKTeX 2.9\tex/latex/tools\
array.sty"
Package: array 2019/08/31 v2.4l Tabular extension package (FMi)
\col@sep=\dimen103
\ar@mcellbox=\box27
\extrarowheight=\dimen104
\NC@list=\toks14
\extratabsurround=\skip43
\backup@length=\skip44
\ar@cellbox=\box28
)
("C:\Users\Password is house\AppData\Local\Programs\MiKTeX 2.9\tex/latex/url\ur
l.sty"
\Urlmuskip=\muskip10
Package: url 2013/09/16  ver 3.4  Verb mode for urls, etc.
)
("C:\Users\Password is house\AppData\Local\Programs\MiKTeX 2.9\tex/latex/amsmat
h\amsmath.sty"
Package: amsmath 2019/04/01 v2.17c AMS math features
\@mathmargin=\skip45

For additional information on amsmath, use the `?' option.

("C:\Users\Password is house\AppData\Local\Programs\MiKTeX 2.9\tex/latex/amsmat
h\amstext.sty"
Package: amstext 2000/06/29 v2.01 AMS text

("C:\Users\Password is house\AppData\Local\Programs\MiKTeX 2.9\tex/latex/amsmat
h\amsgen.sty"
File: amsgen.sty 1999/11/30 v2.0 generic functions
\@emptytoks=\toks15
\ex@=\dimen105
))
("C:\Users\Password is house\AppData\Local\Programs\MiKTeX 2.9\tex/latex/amsmat
h\amsbsy.sty"
Package: amsbsy 1999/11/29 v1.2d Bold Symbols
\pmbraise@=\dimen106
)
("C:\Users\Password is house\AppData\Local\Programs\MiKTeX 2.9\tex/latex/amsmat
h\amsopn.sty"
Package: amsopn 2016/03/08 v2.02 operator names
)
\inf@bad=\count88
LaTeX Info: Redefining \frac on input line 227.
\uproot@=\count89
\leftroot@=\count90
LaTeX Info: Redefining \overline on input line 389.
\classnum@=\count91
\DOTSCASE@=\count92
LaTeX Info: Redefining \ldots on input line 486.
LaTeX Info: Redefining \dots on input line 489.
LaTeX Info: Redefining \cdots on input line 610.
\Mathstrutbox@=\box29
\strutbox@=\box30
\big@size=\dimen107
LaTeX Font Info:    Redeclaring font encoding OML on input line 733.
LaTeX Font Info:    Redeclaring font encoding OMS on input line 734.
\macc@depth=\count93
\c@MaxMatrixCols=\count94
\dotsspace@=\muskip11
\c@parentequation=\count95
\dspbrk@lvl=\count96
\tag@help=\toks16
\row@=\count97
\column@=\count98
\maxfields@=\count99
\andhelp@=\toks17
\eqnshift@=\dimen108
\alignsep@=\dimen109
\tagshift@=\dimen110
\tagwidth@=\dimen111
\totwidth@=\dimen112
\lineht@=\dimen113
\@envbody=\toks18
\multlinegap=\skip46
\multlinetaggap=\skip47
\mathdisplay@stack=\toks19
LaTeX Info: Redefining \[ on input line 2855.
LaTeX Info: Redefining \] on input line 2856.
)
("C:\Users\Password is house\AppData\Local\Programs\MiKTeX 2.9\tex/latex/harvar
d\harvard.sty"
Package: harvard 

("C:\Users\Password is house\AppData\Local\Programs\MiKTeX 2.9\tex/latex/base\i
fthen.sty"
Package: ifthen 2014/09/29 v1.1c Standard LaTeX ifthen package (DPC)
))
("C:\Users\Password is house\AppData\Local\Programs\MiKTeX 2.9\tex/latex/base\i
nputenc.sty"
Package: inputenc 2018/08/11 v1.3c Input encoding file
\inpenc@prehook=\toks20
\inpenc@posthook=\toks21

("C:\Users\Password is house\AppData\Local\Programs\MiKTeX 2.9\tex/latex/ucs\ut
f8x.def"
File: utf8x.def 2004/10/17 UCS: Input encoding UTF-8
))
("C:\Users\Password is house\AppData\Local\Programs\MiKTeX 2.9\tex/latex/ucs\uc
s.sty"
Package: ucs 2013/05/11 v2.2 UCS: Unicode input support

("C:\Users\Password is house\AppData\Local\Programs\MiKTeX 2.9\tex/latex/ucs\un
i-global.def"
File: uni-global.def 2013/05/13 UCS: Unicode global data
)
\uc@secondtry=\count100
\uc@combtoks=\toks22
\uc@combtoksb=\toks23
\uc@temptokena=\toks24
)
("C:\Users\Password is house\AppData\Local\Programs\MiKTeX 2.9\tex/latex/wrapfi
g\wrapfig.sty"
\wrapoverhang=\dimen114
\WF@size=\dimen115
\c@WF@wrappedlines=\count101
\WF@box=\box31
\WF@everypar=\toks25
Package: wrapfig 2003/01/31  v 3.6
)
("C:\Users\Password is house\AppData\Local\Programs\MiKTeX 2.9\tex/latex/bookta
bs\booktabs.sty"
Package: booktabs 2020/01/12 v1.61803398 Publication quality tables
\heavyrulewidth=\dimen116
\lightrulewidth=\dimen117
\cmidrulewidth=\dimen118
\belowrulesep=\dimen119
\belowbottomsep=\dimen120
\aboverulesep=\dimen121
\abovetopsep=\dimen122
\cmidrulesep=\dimen123
\cmidrulekern=\dimen124
\defaultaddspace=\dimen125
\@cmidla=\count102
\@cmidlb=\count103
\@aboverulesep=\dimen126
\@belowrulesep=\dimen127
\@thisruleclass=\count104
\@lastruleclass=\count105
\@thisrulewidth=\dimen128
)
("C:\Users\Password is house\AppData\Local\Programs\MiKTeX 2.9\tex/latex/enumit
em\enumitem.sty"
Package: enumitem 2019/06/20 v3.9 Customized lists
\enitkv@toks@=\toks26
\labelindent=\skip48
\enit@outerparindent=\dimen129
\enit@toks=\toks27
\enit@inbox=\box32
\enit@count@id=\count106
\enitdp@description=\count107
)
("C:\Users\Password is house\AppData\Local\Programs\MiKTeX 2.9\tex/latex/graphi
cs\graphicx.sty"
Package: graphicx 2017/06/01 v1.1a Enhanced LaTeX Graphics (DPC,SPQR)

("C:\Users\Password is house\AppData\Local\Programs\MiKTeX 2.9\tex/latex/graphi
cs\keyval.sty"
Package: keyval 2014/10/28 v1.15 key=value parser (DPC)
\KV@toks@=\toks28
)
("C:\Users\Password is house\AppData\Local\Programs\MiKTeX 2.9\tex/latex/graphi
cs\graphics.sty"
Package: graphics 2019/07/20 v1.3b Standard LaTeX Graphics (DPC,SPQR)

("C:\Users\Password is house\AppData\Local\Programs\MiKTeX 2.9\tex/latex/graphi
cs\trig.sty"
Package: trig 2016/01/03 v1.10 sin cos tan (DPC)
)
("C:\Users\Password is house\AppData\Local\Programs\MiKTeX 2.9\tex/latex/graphi
cs-cfg\graphics.cfg"
File: graphics.cfg 2016/06/04 v1.11 sample graphics configuration
)
Package graphics Info: Driver file: pdftex.def on input line 105.

("C:\Users\Password is house\AppData\Local\Programs\MiKTeX 2.9\tex/latex/graphi
cs-def\pdftex.def"
File: pdftex.def 2018/01/08 v1.0l Graphics/color driver for pdftex
))
\Gin@req@height=\dimen130
\Gin@req@width=\dimen131
)
("C:\Users\Password is house\AppData\Local\Programs\MiKTeX 2.9\tex/latex/float\
float.sty"
Package: float 2001/11/08 v1.3d Float enhancements (AL)
\c@float@type=\count108
\float@exts=\toks29
\float@box=\box33
\@float@everytoks=\toks30
\@floatcapt=\box34
)
("C:\Users\Password is house\AppData\Local\Programs\MiKTeX 2.9\tex/latex/multir
ow\multirow.sty"
Package: multirow 2019/05/31 v2.5 Span multiple rows of a table
\multirow@colwidth=\skip49
\multirow@cntb=\count109
\multirow@dima=\skip50
\bigstrutjot=\dimen132
)
("C:\Users\Password is house\AppData\Local\Programs\MiKTeX 2.9\tex/latex/titles
ec\titlesec.sty"
Package: titlesec 2019/10/16 v2.13 Sectioning titles
\ttl@box=\box35
\beforetitleunit=\skip51
\aftertitleunit=\skip52
\ttl@plus=\dimen133
\ttl@minus=\dimen134
\ttl@toksa=\toks31
\titlewidth=\dimen135
\titlewidthlast=\dimen136
\titlewidthfirst=\dimen137
)
("C:\Users\Password is house\AppData\Local\Programs\MiKTeX 2.9\tex/latex/cite\c
ite.sty"
LaTeX Info: Redefining \cite on input line 302.
LaTeX Info: Redefining \nocite on input line 332.
Package: cite 2015/02/27  v 5.5
) (FinalPaper.aux)
\openout1 = `FinalPaper.aux'.

LaTeX Font Info:    Checking defaults for OML/cmm/m/it on input line 38.
LaTeX Font Info:    ... okay on input line 38.
LaTeX Font Info:    Checking defaults for T1/cmr/m/n on input line 38.
LaTeX Font Info:    ... okay on input line 38.
LaTeX Font Info:    Checking defaults for OT1/cmr/m/n on input line 38.
LaTeX Font Info:    ... okay on input line 38.
LaTeX Font Info:    Checking defaults for OMS/cmsy/m/n on input line 38.
LaTeX Font Info:    ... okay on input line 38.
LaTeX Font Info:    Checking defaults for OMX/cmex/m/n on input line 38.
LaTeX Font Info:    ... okay on input line 38.
LaTeX Font Info:    Checking defaults for U/cmr/m/n on input line 38.
LaTeX Font Info:    ... okay on input line 38.
LaTeX Font Info:    Trying to load font information for OT1+ptm on input line 3
8.

("C:\Users\Password is house\AppData\Local\Programs\MiKTeX 2.9\tex/latex/psnfss
\ot1ptm.fd"
File: ot1ptm.fd 2001/06/04 font definitions for OT1/ptm.
)
("C:\Users\Password is house\AppData\Local\Programs\MiKTeX 2.9\tex/latex/ucs\uc
sencs.def"
File: ucsencs.def 2011/01/21 Fixes to fontencodings LGR, T3
)
("C:\Users\Password is house\AppData\Local\Programs\MiKTeX 2.9\tex/context/base
/mkii\supp-pdf.mkii"
[Loading MPS to PDF converter (version 2006.09.02).]
\scratchcounter=\count110
\scratchdimen=\dimen138
\scratchbox=\box36
\nofMPsegments=\count111
\nofMParguments=\count112
\everyMPshowfont=\toks32
\MPscratchCnt=\count113
\MPscratchDim=\dimen139
\MPnumerator=\count114
\makeMPintoPDFobject=\count115
\everyMPtoPDFconversion=\toks33
)
("C:\Users\Password is house\AppData\Local\Programs\MiKTeX 2.9\tex/latex/oberdi
ek\epstopdf-base.sty"
Package: epstopdf-base 2016/05/15 v2.6 Base part for package epstopdf

("C:\Users\Password is house\AppData\Local\Programs\MiKTeX 2.9\tex/generic/ober
diek\infwarerr.sty"
Package: infwarerr 2016/05/16 v1.4 Providing info/warning/error messages (HO)
)
("C:\Users\Password is house\AppData\Local\Programs\MiKTeX 2.9\tex/latex/oberdi
ek\grfext.sty"
Package: grfext 2016/05/16 v1.2 Manage graphics extensions (HO)

("C:\Users\Password is house\AppData\Local\Programs\MiKTeX 2.9\tex/generic/ober
diek\kvdefinekeys.sty"
Package: kvdefinekeys 2016/05/16 v1.4 Define keys (HO)

("C:\Users\Password is house\AppData\Local\Programs\MiKTeX 2.9\tex/generic/ober
diek\ltxcmds.sty"
Package: ltxcmds 2016/05/16 v1.23 LaTeX kernel commands for general use (HO)
)))
("C:\Users\Password is house\AppData\Local\Programs\MiKTeX 2.9\tex/latex/oberdi
ek\kvoptions.sty"
Package: kvoptions 2016/05/16 v3.12 Key value format for package options (HO)

("C:\Users\Password is house\AppData\Local\Programs\MiKTeX 2.9\tex/generic/ober
diek\kvsetkeys.sty"
Package: kvsetkeys 2016/05/16 v1.17 Key value parser (HO)

("C:\Users\Password is house\AppData\Local\Programs\MiKTeX 2.9\tex/generic/ober
diek\etexcmds.sty"
Package: etexcmds 2016/05/16 v1.6 Avoid name clashes with e-TeX commands (HO)

("C:\Users\Password is house\AppData\Local\Programs\MiKTeX 2.9\tex/generic/ober
diek\ifluatex.sty"
Package: ifluatex 2016/05/16 v1.4 Provides the ifluatex switch (HO)
Package ifluatex Info: LuaTeX not detected.
))))
("C:\Users\Password is house\AppData\Local\Programs\MiKTeX 2.9\tex/latex/pdftex
cmds\pdftexcmds.sty"
Package: pdftexcmds 2019/11/24 v0.31 Utility functions of pdfTeX for LuaTeX (HO
)

("C:\Users\Password is house\AppData\Local\Programs\MiKTeX 2.9\tex/generic/ifte
x\iftex.sty"
Package: iftex 2019/11/07 v1.0c TeX engine tests
)
Package pdftexcmds Info: \pdf@primitive is available.
Package pdftexcmds Info: \pdf@ifprimitive is available.
Package pdftexcmds Info: \pdfdraftmode found.
)
Package epstopdf-base Info: Redefining graphics rule for `.eps' on input line 4
38.
Package grfext Info: Graphics extension search list:
(grfext)             [.pdf,.png,.jpg,.mps,.jpeg,.jbig2,.jb2,.PDF,.PNG,.JPG,.JPE
G,.JBIG2,.JB2,.eps]
(grfext)             \AppendGraphicsExtensions on input line 456.
)
LaTeX Font Info:    Font shape `OT1/ptm/bx/n' in size <10.95> not available
(Font)              Font shape `OT1/ptm/b/n' tried instead on input line 42.
LaTeX Font Info:    Font shape `OT1/ptm/bx/it' in size <10.95> not available
(Font)              Font shape `OT1/ptm/b/it' tried instead on input line 42.
LaTeX Font Info:    Font shape `OT1/ptm/bx/n' in size <12> not available
(Font)              Font shape `OT1/ptm/b/n' tried instead on input line 61.
LaTeX Font Info:    Font shape `OT1/ptm/bx/it' in size <12> not available
(Font)              Font shape `OT1/ptm/b/it' tried instead on input 